<?xml version="1.0" encoding="UTF-8"?>
<!-- Generated by org.testng.reporters.JUnitXMLReporter -->
<testsuite ignored="2" hostname="LAPTOP-MF2L4TLF" failures="0" tests="1" name="Default test" time="2.392" errors="0" timestamp="2025-02-07T17:15:38 IST">
  <testcase classname="com.authors.GetMethodAuthors" name="testGetAuthorById" time="2.364"/>
  <testcase classname="com.authors.GetMethodAuthors" name="testGetAllAuthors" time="0.0">
    <ignored/>
  </testcase> <!-- testGetAllAuthors -->
  <testcase classname="com.authors.GetMethodAuthors" name="testGetAuthorsByBookId" time="0.0">
    <ignored/>
  </testcase> <!-- testGetAuthorsByBookId -->
</testsuite> <!-- Default test -->
