<?xml version="1.0" encoding="UTF-8"?>
<testng-results ignored="2" total="3" passed="1" failed="0" skipped="0">
  <reporter-output>
  </reporter-output>
  <suite started-at="2025-02-07T17:15:36 IST" name="Default suite" finished-at="2025-02-07T17:15:38 IST" duration-ms="2392">
    <groups>
    </groups>
    <test started-at="2025-02-07T17:15:36 IST" name="Default test" finished-at="2025-02-07T17:15:38 IST" duration-ms="2392">
      <class name="com.authors.GetMethodAuthors">
        <test-method signature="testGetAuthorById()[pri:0, instance:com.authors.GetMethodAuthors@1c93084c]" started-at="2025-02-07T17:15:36 IST" name="testGetAuthorById" finished-at="2025-02-07T17:15:38 IST" duration-ms="2364" status="PASS">
          <reporter-output>
          </reporter-output>
        </test-method> <!-- testGetAuthorById -->
      </class> <!-- com.authors.GetMethodAuthors -->
    </test> <!-- Default test -->
  </suite> <!-- Default suite -->
</testng-results>
